Change Value of Parameter Packaging in Part C1 Old=Tape and Reel New=Cut Tape
Change Value of Parameter Package Quantity in Part C3 Old=4000 New=1
Change Value of Parameter Packaging in Part C3 Old=Tape and Reel New=Cut Tape
Change Value of Parameter Packaging in Part D1 Old=Tape and Reel New=Cut Tape
Change Value of Parameter Packaging in Part D2 Old=Tape and Reel New=Cut Tape
Change Value of Parameter Packaging in Part D3 Old=Tape and Reel New=Cut Tape
Change Value of Parameter Packaging in Part D4 Old=Tape and Reel New=Cut Tape
Change Value of Parameter Packaging in Part D5 Old=Tape and Reel New=Cut Tape
Change Value of Parameter Packaging in Part D6 Old=Tape and Reel New=Cut Tape
Change Value of Parameter Package Quantity in Part D13 Old=3000 New=1
Change Value of Parameter Packaging in Part D13 Old=Tape and Reel New=Cut Tape
Change Value of Parameter Package Quantity in Part D14 Old=3000 New=1
Change Value of Parameter Packaging in Part D14 Old=Tape and Reel New=Cut Tape
Change Value of Parameter Package Quantity in Part D15 Old=3000 New=1
Change Value of Parameter Packaging in Part D15 Old=Tape and Reel New=Cut Tape
Change Value of Parameter Package Quantity in Part D16 Old=5000 New=1
Change Value of Parameter Packaging in Part D16 Old=Tape and Reel New=Cut Tape
Change Value of Parameter Package Quantity in Part D17 Old=5000 New=1
Change Value of Parameter Packaging in Part D17 Old=Tape and Reel New=Cut Tape
Change Value of Parameter Package Quantity in Part D18 Old=3000 New=1
Change Value of Parameter Packaging in Part D18 Old=Tape and Reel New=Cut Tape
Change Value of Parameter Mount in Part J1 Old=Through Hole New=Surface Mount
Change Value of Parameter Packaging in Part J1 Old=Bulk New=Cut Tape
Change Value of Parameter Package Quantity in Part R4 Old=5000 New=1
Change Value of Parameter Packaging in Part R4 Old=Tape and Reel New=Cut Tape
Change Value of Parameter Package Quantity in Part R5 Old=5000 New=1
Change Value of Parameter Packaging in Part R5 Old=Tape and Reel New=Cut Tape
Change Value of Parameter Package Quantity in Part R7 Old=5000 New=1
Change Value of Parameter Packaging in Part R7 Old=Tape and Reel New=Cut Tape
Change Value of Parameter Package Quantity in Part U1 Old=2500 New=1
Change Value of Parameter Packaging in Part U1 Old=Tape and Reel New=Cut Tape
Change Value of Parameter Package Quantity in Part U2 Old=3000 New=1
Change Value of Parameter Packaging in Part U2 Old=Tape and Reel New=Cut Tape
Change Value of Parameter Package Quantity in Part U3 Old=3000 New=1
Change Value of Parameter Packaging in Part U3 Old=Tape and Reel New=Cut Tape
